<?xml version="1.0" encoding="UTF-8"?>
<!-- Generated by org.testng.reporters.JUnitXMLReporter -->
<testsuite ignored="0" hostname="DESKTOP-25L3FA3" failures="0" tests="1" name="Test" time="8.03" errors="0" timestamp="2024-05-30T13:40:45 IST">
  <testcase classname="demowebshop.baseclass.BaseClass" name="@BeforeMethod login" time="0.614">
    <failure type="java.lang.AssertionError" message="expected [true] but found [false]">
      <![CDATA[java.lang.AssertionError: expected [true] but found [false]
at demowebshop.baseclass.BaseClass.login(BaseClass.java:53)
at java.base/java.util.ArrayList.forEach(ArrayList.java:1511)
... Removed 36 stack frames]]>
    </failure>
  </testcase> <!-- @BeforeMethod login -->
  <testcase classname="demowebshop.baseclass.BaseClass" name="@AfterMethod logout" time="0.0">
    <skipped/>
  </testcase> <!-- @AfterMethod logout -->
  <testcase classname="demowebshop.baseclass.BaseClass" name="@AfterClass closeBrowser" time="0.0">
    <skipped/>
  </testcase> <!-- @AfterClass closeBrowser -->
  <testcase classname="demowebshop.scripts.TestListenerExecution" name="ListenerTest" time="0.0">
    <skipped/>
  </testcase> <!-- ListenerTest -->
</testsuite> <!-- Test -->
